<?xml version="1.0" encoding="UTF-8"?>
<!-- Generated by org.testng.reporters.JUnitReportReporter -->
<testsuite hostname="Arati-PC" name="testngcase.VettingPlannerTest" tests="2" failures="0" timestamp="24 Apr 2017 04:07:20 GMT" time="49.657" errors="0">
  <testcase name="CreateNewVetting" time="42.510" classname="testngcase.VettingPlannerTest"/>
  <testcase name="Vetting" time="7.147" classname="testngcase.VettingPlannerTest"/>
</testsuite> <!-- testngcase.VettingPlannerTest -->
