<?xml version="1.0" encoding="UTF-8"?>
<!-- Generated by org.testng.reporters.JUnitReportReporter -->
<testsuite hostname="Arati-PC" name="testngcase.TravelAdminTest" tests="2" failures="0" timestamp="27 Apr 2017 12:24:36 GMT" time="45.738" errors="0">
  <testcase name="Travel" time="5.891" classname="testngcase.TravelAdminTest"/>
  <testcase name="TravelQtnUserAssignmentg" time="39.847" classname="testngcase.TravelAdminTest"/>
</testsuite> <!-- testngcase.TravelAdminTest -->
